[www.spikejones.org/index.html]
[www.spikejones.org/favicon.png]
[www.spikejones.org/_app/immutable/assets/0.DSytH8V8.css]
[www.spikejones.org/_app/immutable/assets/2.C7Fhg8mG.css]
[backblue.gif]
[fade.gif]
[index.html]
[www.spikejones.org/logo_black.png]
[www.spikejones.org/biography.html]
[www.spikejones.org/about.html]
[www.spikejones.org/get-involved.html]
[www.spikejones.org/images/spikejones1.png]
[www.spikejones.org/images/spikejones2.png]
[www.spikejones.org/images/spikejones3.png]
[www.spikejones.org/_app/immutable/entry/start.DHjxv78O.js]
[www.spikejones.org/_app/immutable/entry/app.ClFvYph1.js]
[www.spikejones.org/index.html]
[www.spikejones.org/favicon.html]
[www.spikejones.org/fonts/Inter-Bold.ttf]
[www.spikejones.org/fonts/Inter-Regular.ttf]
[www.spikejones.org/fonts/Montserrat-Bold.ttf]
[www.spikejones.org/fonts/Montserrat-Light.ttf]
[www.spikejones.org/fonts/Montserrat-Regular.ttf]
[www.spikejones.org/_app/immutable/assets/0.DSytH8V8.css]
[www.spikejones.org/_app/immutable/assets/2.C7Fhg8mG.css]
[www.spikejones.org/_app/immutable/assets/4.Cf5DHDlN.css]
[admin.spikejones.org/api/media/timeline_images/Image.jpg]
[www.spikejones.org/biography.html]
[www.spikejones.org/_app/immutable/assets/3.43zuc-Gp.css]
[www.spikejones.org/about.html]
[www.spikejones.org/images/about_spike.jpg]
[www.spikejones.org/_app/immutable/assets/5.BQtDqsrX.css]
[www.spikejones.org/get-involved.html]
[www.spikejones.org/_app/immutable/assets/4.Cf5DHDlN.css]
[www.spikejones.org/_app/immutable/assets/3.43zuc-Gp.css]
[www.spikejones.org/_app/immutable/assets/5.BQtDqsrX.css]
